2016/05/26 23:12:13 [lessgo.go:66] Session is disable.
2016/05/26 23:12:13 [main.go:13] Swagger API doc can be accessed from "/apidoc", but only allows LAN.
2016/05/26 23:12:13 [copyfiles.go:29][I] CP: css\print.css
2016/05/26 23:12:13 [copyfiles.go:29][I] CP: css\reset.css
2016/05/26 23:12:13 [copyfiles.go:29][I] CP: css\screen.css
2016/05/26 23:12:13 [copyfiles.go:29][I] CP: css\style.css
2016/05/26 23:12:13 [copyfiles.go:29][I] CP: css\typography.css
2016/05/26 23:12:13 [copyfiles.go:29][I] CP: fonts\DroidSans-Bold.ttf
2016/05/26 23:12:13 [copyfiles.go:29][I] CP: fonts\DroidSans.ttf
2016/05/26 23:12:13 [copyfiles.go:29][I] CP: images\collapse.gif
2016/05/26 23:12:13 [copyfiles.go:29][I] CP: images\expand.gif
2016/05/26 23:12:13 [copyfiles.go:29][I] CP: images\explorer_icons.png
2016/05/26 23:12:13 [copyfiles.go:29][I] CP: images\favicon-16x16.png
2016/05/26 23:12:13 [copyfiles.go:29][I] CP: images\favicon-32x32.png
2016/05/26 23:12:13 [copyfiles.go:29][I] CP: images\favicon.ico
2016/05/26 23:12:13 [copyfiles.go:29][I] CP: images\logo_small.png
2016/05/26 23:12:13 [copyfiles.go:29][I] CP: images\pet_store_api.png
2016/05/26 23:12:13 [copyfiles.go:29][I] CP: images\throbber.gif
2016/05/26 23:12:13 [copyfiles.go:29][I] CP: images\wordnik_api.png
2016/05/26 23:12:13 [copyfiles.go:29][I] CP: index.html
2016/05/26 23:12:13 [copyfiles.go:29][I] CP: lang\en.js
2016/05/26 23:12:13 [copyfiles.go:29][I] CP: lang\es.js
2016/05/26 23:12:13 [copyfiles.go:29][I] CP: lang\fr.js
2016/05/26 23:12:13 [copyfiles.go:29][I] CP: lang\geo.js
2016/05/26 23:12:13 [copyfiles.go:29][I] CP: lang\it.js
2016/05/26 23:12:13 [copyfiles.go:29][I] CP: lang\ja.js
2016/05/26 23:12:13 [copyfiles.go:29][I] CP: lang\pl.js
2016/05/26 23:12:13 [copyfiles.go:29][I] CP: lang\pt.js
2016/05/26 23:12:13 [copyfiles.go:29][I] CP: lang\ru.js
2016/05/26 23:12:13 [copyfiles.go:29][I] CP: lang\tr.js
2016/05/26 23:12:13 [copyfiles.go:29][I] CP: lang\translator.js
2016/05/26 23:12:13 [copyfiles.go:29][I] CP: lang\zh-cn.js
2016/05/26 23:12:13 [copyfiles.go:29][I] CP: lib\backbone-min.js
2016/05/26 23:12:13 [copyfiles.go:29][I] CP: lib\handlebars-2.0.0.js
2016/05/26 23:12:13 [copyfiles.go:29][I] CP: lib\highlight.9.1.0.pack.js
2016/05/26 23:12:13 [copyfiles.go:29][I] CP: lib\highlight.9.1.0.pack_extended.js
2016/05/26 23:12:13 [copyfiles.go:29][I] CP: lib\jquery-1.8.0.min.js
2016/05/26 23:12:13 [copyfiles.go:29][I] CP: lib\jquery.ba-bbq.min.js
2016/05/26 23:12:13 [copyfiles.go:29][I] CP: lib\jquery.slideto.min.js
2016/05/26 23:12:13 [copyfiles.go:29][I] CP: lib\jquery.wiggle.min.js
2016/05/26 23:12:13 [copyfiles.go:29][I] CP: lib\js-yaml.min.js
2016/05/26 23:12:13 [copyfiles.go:29][I] CP: lib\jsoneditor.min.js
2016/05/26 23:12:13 [copyfiles.go:29][I] CP: lib\lodash.min.js
2016/05/26 23:12:13 [copyfiles.go:29][I] CP: lib\marked.js
2016/05/26 23:12:13 [copyfiles.go:29][I] CP: lib\object-assign-pollyfill.js
2016/05/26 23:12:13 [copyfiles.go:29][I] CP: lib\swagger-oauth.js
2016/05/26 23:12:13 [copyfiles.go:29][I] CP: o2c.html
2016/05/26 23:12:13 [copyfiles.go:29][I] CP: swagger-ui.js
2016/05/26 23:12:13 [copyfiles.go:29][I] CP: swagger-ui.min.js
2016/05/26 23:12:13 [app.go:490] | CONNECT | /admin                         | github.com/lessgo/demo/syshandler/admin.glob.func1
2016/05/26 23:12:13 [app.go:490] | DELETE  | /admin                         | github.com/lessgo/demo/syshandler/admin.glob.func1
2016/05/26 23:12:13 [app.go:490] | GET     | /admin                         | github.com/lessgo/demo/syshandler/admin.glob.func1
2016/05/26 23:12:13 [app.go:490] | HEAD    | /admin                         | github.com/lessgo/demo/syshandler/admin.glob.func1
2016/05/26 23:12:13 [app.go:490] | OPTIONS | /admin                         | github.com/lessgo/demo/syshandler/admin.glob.func1
2016/05/26 23:12:13 [app.go:490] | PATCH   | /admin                         | github.com/lessgo/demo/syshandler/admin.glob.func1
2016/05/26 23:12:13 [app.go:490] | POST    | /admin                         | github.com/lessgo/demo/syshandler/admin.glob.func1
2016/05/26 23:12:13 [app.go:490] | PUT     | /admin                         | github.com/lessgo/demo/syshandler/admin.glob.func1
2016/05/26 23:12:13 [app.go:490] | TRACE   | /admin                         | github.com/lessgo/demo/syshandler/admin.glob.func1
2016/05/26 23:12:13 [app.go:490] | CONNECT | /admin/index                   | github.com/lessgo/demo/syshandler/admin.glob.func1
2016/05/26 23:12:13 [app.go:490] | DELETE  | /admin/index                   | github.com/lessgo/demo/syshandler/admin.glob.func1
2016/05/26 23:12:13 [app.go:490] | GET     | /admin/index                   | github.com/lessgo/demo/syshandler/admin.glob.func1
2016/05/26 23:12:13 [app.go:490] | HEAD    | /admin/index                   | github.com/lessgo/demo/syshandler/admin.glob.func1
2016/05/26 23:12:13 [app.go:490] | OPTIONS | /admin/index                   | github.com/lessgo/demo/syshandler/admin.glob.func1
2016/05/26 23:12:13 [app.go:490] | PATCH   | /admin/index                   | github.com/lessgo/demo/syshandler/admin.glob.func1
2016/05/26 23:12:13 [app.go:490] | POST    | /admin/index                   | github.com/lessgo/demo/syshandler/admin.glob.func1
2016/05/26 23:12:13 [app.go:490] | PUT     | /admin/index                   | github.com/lessgo/demo/syshandler/admin.glob.func1
2016/05/26 23:12:13 [app.go:490] | TRACE   | /admin/index                   | github.com/lessgo/demo/syshandler/admin.glob.func1
2016/05/26 23:12:13 [app.go:490] | GET     | /admin/login/:user/:password   | github.com/lessgo/demo/syshandler/admin/login.glob.func1
2016/05/26 23:12:13 [app.go:490] | GET     | /apidoc/*filepath              | github.com/lessgo/lessgoext/swagger.glob.func3
2016/05/26 23:12:13 [app.go:490] | GET     | /home                          | github.com/lessgo/demo/bizhandler/home.glob.func1
2016/05/26 23:12:13 [app.go:490] | GET     | /home/index                    | github.com/lessgo/demo/bizhandler/home.glob.func1
2016/05/26 23:12:13 [app.go:490] | GET     | /swagger.json                  | github.com/lessgo/lessgoext/swagger.glob.func2
2016/05/26 23:12:13 [group.go:37] | WS      | /websocket                     | github.com/lessgo/demo/bizhandler/home.glob.func2
2016/05/26 23:12:13 [virtrouter.go:27] | GET     | /favicon.ico                   | static/img/favicon.ico
2016/05/26 23:12:13 [virtrouter.go:39] | GET     | /uploads/*filepath             | uploads
2016/05/26 23:12:13 [virtrouter.go:39] | GET     | /static/*filepath              | static
2016/05/26 23:12:13 [virtrouter.go:39] | GET     | /biz/*filepath                 | bizview
2016/05/26 23:12:13 [virtrouter.go:39] | GET     | /sys/*filepath                 | sysview
2016/05/26 23:12:13 [main.go:17] > lessgo listening and serving HTTP on 0.0.0.0:8080 (debug-mode) (disable-graceful-restart)
2016/05/26 23:12:51 [apimiddleware.go:322][D] ::1 | GET | /apidoc/index.html | [32m200[0m | 1.0001ms | 4475
2016/05/26 23:12:51 [apimiddleware.go:322][D] ::1 | GET | /apidoc/css/typography.css | [32m200[0m | 0 | 452
2016/05/26 23:12:51 [apimiddleware.go:322][D] ::1 | GET | /apidoc/css/reset.css | [32m200[0m | 0 | 1066
2016/05/26 23:12:51 [apimiddleware.go:322][D] ::1 | GET | /apidoc/lib/jquery.ba-bbq.min.js | [32m200[0m | 0 | 4119
2016/05/26 23:12:51 [apimiddleware.go:322][D] ::1 | GET | /apidoc/lib/jquery.wiggle.min.js | [32m200[0m | 0 | 762
2016/05/26 23:12:51 [apimiddleware.go:322][D] ::1 | GET | /apidoc/lib/object-assign-pollyfill.js | [32m200[0m | 1ms | 715
2016/05/26 23:12:51 [apimiddleware.go:322][D] ::1 | GET | /apidoc/lib/jquery.slideto.min.js | [32m200[0m | 0 | 369
2016/05/26 23:12:51 [apimiddleware.go:322][D] ::1 | GET | /apidoc/css/screen.css | [32m200[0m | 11.0006ms | 48978
2016/05/26 23:12:51 [apimiddleware.go:322][D] ::1 | GET | /apidoc/lib/backbone-min.js | [32m200[0m | 1.0001ms | 20390
2016/05/26 23:12:51 [apimiddleware.go:322][D] ::1 | GET | /apidoc/lib/highlight.9.1.0.pack.js | [32m200[0m | 1ms | 11037
2016/05/26 23:12:51 [apimiddleware.go:322][D] ::1 | GET | /apidoc/lib/jquery-1.8.0.min.js | [32m200[0m | 26.0014ms | 92555
2016/05/26 23:12:51 [apimiddleware.go:322][D] ::1 | GET | /apidoc/lib/handlebars-2.0.0.js | [32m200[0m | 19.0011ms | 48517
2016/05/26 23:12:51 [apimiddleware.go:322][D] ::1 | GET | /apidoc/lib/js-yaml.min.js | [32m200[0m | 20.0011ms | 43621
2016/05/26 23:12:51 [apimiddleware.go:322][D] ::1 | GET | /apidoc/lib/lodash.min.js | [32m200[0m | 23.0013ms | 52646
2016/05/26 23:12:51 [apimiddleware.go:322][D] ::1 | GET | /apidoc/lib/highlight.9.1.0.pack_extended.js | [32m200[0m | 0 | 1025
2016/05/26 23:12:51 [apimiddleware.go:322][D] ::1 | GET | /apidoc/lib/marked.js | [32m200[0m | 0 | 28156
2016/05/26 23:12:51 [apimiddleware.go:322][D] ::1 | GET | /apidoc/lib/swagger-oauth.js | [32m200[0m | 1.0001ms | 11223
2016/05/26 23:12:51 [apimiddleware.go:322][D] ::1 | GET | /apidoc/images/logo_small.png | [32m200[0m | 1ms | 770
2016/05/26 23:12:51 [apimiddleware.go:322][D] ::1 | GET | /apidoc/lib/jsoneditor.min.js | [32m200[0m | 133.0076ms | 130042
2016/05/26 23:12:51 [apimiddleware.go:322][D] ::1 | GET | /apidoc/css/print.css | [32m200[0m | 10.0006ms | 46473
2016/05/26 23:12:51 [apimiddleware.go:322][D] ::1 | GET | /apidoc/swagger-ui.js | [32m200[0m | 190.0109ms | 1791504
2016/05/26 23:12:51 [apimiddleware.go:322][D] ::1 | GET | /swagger.json | [32m200[0m | 1ms | 14251
2016/05/26 23:12:51 [apimiddleware.go:322][D] ::1 | GET | /apidoc/images/favicon-16x16.png | [32m200[0m | 0 | 645
2016/05/26 23:29:00 [lessgo.go:66] Session is disable.
2016/05/26 23:29:00 [service.go:60][E] sql: unknown driver "sqlite3" (forgotten import?)

2016/05/26 23:29:00 [main.go:16] Swagger API doc can be accessed from "/apidoc", but only allows LAN.
2016/05/26 23:29:00 [app.go:490] | CONNECT | /admin                         | github.com/lessgo/demo/syshandler/admin.glob.func1
2016/05/26 23:29:00 [app.go:490] | DELETE  | /admin                         | github.com/lessgo/demo/syshandler/admin.glob.func1
2016/05/26 23:29:00 [app.go:490] | GET     | /admin                         | github.com/lessgo/demo/syshandler/admin.glob.func1
2016/05/26 23:29:00 [app.go:490] | HEAD    | /admin                         | github.com/lessgo/demo/syshandler/admin.glob.func1
2016/05/26 23:29:00 [app.go:490] | OPTIONS | /admin                         | github.com/lessgo/demo/syshandler/admin.glob.func1
2016/05/26 23:29:00 [app.go:490] | PATCH   | /admin                         | github.com/lessgo/demo/syshandler/admin.glob.func1
2016/05/26 23:29:00 [app.go:490] | POST    | /admin                         | github.com/lessgo/demo/syshandler/admin.glob.func1
2016/05/26 23:29:00 [app.go:490] | PUT     | /admin                         | github.com/lessgo/demo/syshandler/admin.glob.func1
2016/05/26 23:29:00 [app.go:490] | TRACE   | /admin                         | github.com/lessgo/demo/syshandler/admin.glob.func1
2016/05/26 23:29:00 [app.go:490] | CONNECT | /admin/index                   | github.com/lessgo/demo/syshandler/admin.glob.func1
2016/05/26 23:29:00 [app.go:490] | DELETE  | /admin/index                   | github.com/lessgo/demo/syshandler/admin.glob.func1
2016/05/26 23:29:00 [app.go:490] | GET     | /admin/index                   | github.com/lessgo/demo/syshandler/admin.glob.func1
2016/05/26 23:29:00 [app.go:490] | HEAD    | /admin/index                   | github.com/lessgo/demo/syshandler/admin.glob.func1
2016/05/26 23:29:00 [app.go:490] | OPTIONS | /admin/index                   | github.com/lessgo/demo/syshandler/admin.glob.func1
2016/05/26 23:29:00 [app.go:490] | PATCH   | /admin/index                   | github.com/lessgo/demo/syshandler/admin.glob.func1
2016/05/26 23:29:00 [app.go:490] | POST    | /admin/index                   | github.com/lessgo/demo/syshandler/admin.glob.func1
2016/05/26 23:29:00 [app.go:490] | PUT     | /admin/index                   | github.com/lessgo/demo/syshandler/admin.glob.func1
2016/05/26 23:29:00 [app.go:490] | TRACE   | /admin/index                   | github.com/lessgo/demo/syshandler/admin.glob.func1
2016/05/26 23:29:00 [app.go:490] | GET     | /admin/login/:user/:password   | github.com/lessgo/demo/syshandler/admin/login.glob.func1
2016/05/26 23:29:00 [app.go:490] | GET     | /apidoc/*filepath              | github.com/lessgo/lessgoext/swagger.glob.func3
2016/05/26 23:29:00 [app.go:490] | GET     | /home                          | github.com/lessgo/demo/bizhandler/home.glob.func1
2016/05/26 23:29:00 [app.go:490] | GET     | /home/index                    | github.com/lessgo/demo/bizhandler/home.glob.func1
2016/05/26 23:29:00 [app.go:490] | GET     | /swagger.json                  | github.com/lessgo/lessgoext/swagger.glob.func2
2016/05/26 23:29:00 [group.go:37] | WS      | /websocket                     | github.com/lessgo/demo/bizhandler/home.glob.func2
2016/05/26 23:29:00 [virtrouter.go:27] | GET     | /favicon.ico                   | static/img/favicon.ico
2016/05/26 23:29:00 [virtrouter.go:39] | GET     | /uploads/*filepath             | uploads
2016/05/26 23:29:00 [virtrouter.go:39] | GET     | /static/*filepath              | static
2016/05/26 23:29:00 [virtrouter.go:39] | GET     | /biz/*filepath                 | bizview
2016/05/26 23:29:00 [virtrouter.go:39] | GET     | /sys/*filepath                 | sysview
2016/05/26 23:29:00 [main.go:20] > lessgo listening and serving HTTP on 0.0.0.0:8080 (debug-mode) (disable-graceful-restart)
2016/05/26 23:29:35 [lessgo.go:66] Session is disable.
2016/05/26 23:29:35 [service.go:50][E] sql: unknown driver "sqlite3" (forgotten import?)

2016/05/26 23:29:35 [service.go:60][E] sql: unknown driver "sqlite3" (forgotten import?)

2016/05/26 23:29:35 [main.go:16] Swagger API doc can be accessed from "/apidoc", but only allows LAN.
2016/05/26 23:29:35 [app.go:490] | CONNECT | /admin                         | github.com/lessgo/demo/syshandler/admin.glob.func1
2016/05/26 23:29:35 [app.go:490] | DELETE  | /admin                         | github.com/lessgo/demo/syshandler/admin.glob.func1
2016/05/26 23:29:35 [app.go:490] | GET     | /admin                         | github.com/lessgo/demo/syshandler/admin.glob.func1
2016/05/26 23:29:35 [app.go:490] | HEAD    | /admin                         | github.com/lessgo/demo/syshandler/admin.glob.func1
2016/05/26 23:29:35 [app.go:490] | OPTIONS | /admin                         | github.com/lessgo/demo/syshandler/admin.glob.func1
2016/05/26 23:29:35 [app.go:490] | PATCH   | /admin                         | github.com/lessgo/demo/syshandler/admin.glob.func1
2016/05/26 23:29:35 [app.go:490] | POST    | /admin                         | github.com/lessgo/demo/syshandler/admin.glob.func1
2016/05/26 23:29:35 [app.go:490] | PUT     | /admin                         | github.com/lessgo/demo/syshandler/admin.glob.func1
2016/05/26 23:29:35 [app.go:490] | TRACE   | /admin                         | github.com/lessgo/demo/syshandler/admin.glob.func1
2016/05/26 23:29:35 [app.go:490] | CONNECT | /admin/index                   | github.com/lessgo/demo/syshandler/admin.glob.func1
2016/05/26 23:29:35 [app.go:490] | DELETE  | /admin/index                   | github.com/lessgo/demo/syshandler/admin.glob.func1
2016/05/26 23:29:35 [app.go:490] | GET     | /admin/index                   | github.com/lessgo/demo/syshandler/admin.glob.func1
2016/05/26 23:29:35 [app.go:490] | HEAD    | /admin/index                   | github.com/lessgo/demo/syshandler/admin.glob.func1
2016/05/26 23:29:35 [app.go:490] | OPTIONS | /admin/index                   | github.com/lessgo/demo/syshandler/admin.glob.func1
2016/05/26 23:29:35 [app.go:490] | PATCH   | /admin/index                   | github.com/lessgo/demo/syshandler/admin.glob.func1
2016/05/26 23:29:35 [app.go:490] | POST    | /admin/index                   | github.com/lessgo/demo/syshandler/admin.glob.func1
2016/05/26 23:29:35 [app.go:490] | PUT     | /admin/index                   | github.com/lessgo/demo/syshandler/admin.glob.func1
2016/05/26 23:29:35 [app.go:490] | TRACE   | /admin/index                   | github.com/lessgo/demo/syshandler/admin.glob.func1
2016/05/26 23:29:35 [app.go:490] | GET     | /admin/login/:user/:password   | github.com/lessgo/demo/syshandler/admin/login.glob.func1
2016/05/26 23:29:35 [app.go:490] | GET     | /apidoc/*filepath              | github.com/lessgo/lessgoext/swagger.glob.func3
2016/05/26 23:29:35 [app.go:490] | GET     | /home                          | github.com/lessgo/demo/bizhandler/home.glob.func1
2016/05/26 23:29:35 [app.go:490] | GET     | /home/index                    | github.com/lessgo/demo/bizhandler/home.glob.func1
2016/05/26 23:29:35 [app.go:490] | GET     | /swagger.json                  | github.com/lessgo/lessgoext/swagger.glob.func2
2016/05/26 23:29:35 [group.go:37] | WS      | /websocket                     | github.com/lessgo/demo/bizhandler/home.glob.func2
2016/05/26 23:29:35 [virtrouter.go:27] | GET     | /favicon.ico                   | static/img/favicon.ico
2016/05/26 23:29:35 [virtrouter.go:39] | GET     | /uploads/*filepath             | uploads
2016/05/26 23:29:35 [virtrouter.go:39] | GET     | /static/*filepath              | static
2016/05/26 23:29:35 [virtrouter.go:39] | GET     | /biz/*filepath                 | bizview
2016/05/26 23:29:35 [virtrouter.go:39] | GET     | /sys/*filepath                 | sysview
2016/05/26 23:29:35 [main.go:20] > lessgo listening and serving HTTP on 0.0.0.0:8080 (debug-mode) (disable-graceful-restart)
