2016/05/18 23:01:17 [initialize.go:141][E] sql: unknown driver "sqlite3" (forgotten import?)

2016/05/18 23:01:17 [lessgo.go:72] Session is disable.
2016/05/18 23:01:17 [main.go:13] Swagger API doc can be accessed from "/apidoc", but only allows LAN.
2016/05/18 23:01:17 [asm_amd64.s:472][W] Can only use source code routing: runtime error: invalid memory address or nil pointer dereference.
2016/05/18 23:01:17 [app.go:484] | CONNECT | /admin                         | github.com/lessgo/demo/syshandler/admin.glob.func1
2016/05/18 23:01:17 [app.go:484] | DELETE  | /admin                         | github.com/lessgo/demo/syshandler/admin.glob.func1
2016/05/18 23:01:17 [app.go:484] | GET     | /admin                         | github.com/lessgo/demo/syshandler/admin.glob.func1
2016/05/18 23:01:17 [app.go:484] | HEAD    | /admin                         | github.com/lessgo/demo/syshandler/admin.glob.func1
2016/05/18 23:01:17 [app.go:484] | OPTIONS | /admin                         | github.com/lessgo/demo/syshandler/admin.glob.func1
2016/05/18 23:01:17 [app.go:484] | PATCH   | /admin                         | github.com/lessgo/demo/syshandler/admin.glob.func1
2016/05/18 23:01:17 [app.go:484] | POST    | /admin                         | github.com/lessgo/demo/syshandler/admin.glob.func1
2016/05/18 23:01:17 [app.go:484] | PUT     | /admin                         | github.com/lessgo/demo/syshandler/admin.glob.func1
2016/05/18 23:01:17 [app.go:484] | TRACE   | /admin                         | github.com/lessgo/demo/syshandler/admin.glob.func1
2016/05/18 23:01:17 [app.go:484] | CONNECT | /admin/index                   | github.com/lessgo/demo/syshandler/admin.glob.func1
2016/05/18 23:01:17 [app.go:484] | DELETE  | /admin/index                   | github.com/lessgo/demo/syshandler/admin.glob.func1
2016/05/18 23:01:17 [app.go:484] | GET     | /admin/index                   | github.com/lessgo/demo/syshandler/admin.glob.func1
2016/05/18 23:01:17 [app.go:484] | HEAD    | /admin/index                   | github.com/lessgo/demo/syshandler/admin.glob.func1
2016/05/18 23:01:17 [app.go:484] | OPTIONS | /admin/index                   | github.com/lessgo/demo/syshandler/admin.glob.func1
2016/05/18 23:01:17 [app.go:484] | PATCH   | /admin/index                   | github.com/lessgo/demo/syshandler/admin.glob.func1
2016/05/18 23:01:17 [app.go:484] | POST    | /admin/index                   | github.com/lessgo/demo/syshandler/admin.glob.func1
2016/05/18 23:01:17 [app.go:484] | PUT     | /admin/index                   | github.com/lessgo/demo/syshandler/admin.glob.func1
2016/05/18 23:01:17 [app.go:484] | TRACE   | /admin/index                   | github.com/lessgo/demo/syshandler/admin.glob.func1
2016/05/18 23:01:17 [app.go:484] | GET     | /admin/login/:user/:password   | github.com/lessgo/demo/syshandler/admin/login.glob.func1
2016/05/18 23:01:17 [app.go:484] | GET     | /apidoc*                       | github.com/lessgo/lessgoext/swagger.glob.func3
2016/05/18 23:01:17 [app.go:484] | GET     | /home                          | github.com/lessgo/demo/bizhandler/home.glob.func1
2016/05/18 23:01:17 [app.go:484] | GET     | /home/index                    | github.com/lessgo/demo/bizhandler/home.glob.func1
2016/05/18 23:01:17 [app.go:484] | GET     | /swagger.json                  | github.com/lessgo/lessgoext/swagger.glob.func2
2016/05/18 23:01:17 [group.go:89] | WS      | /websocket                     | github.com/lessgo/demo/bizhandler/home.glob.func2
2016/05/18 23:01:17 [initialize.go:125] | GET     | /uploads*                      | uploads
2016/05/18 23:01:17 [initialize.go:126] | GET     | /static*                       | static
2016/05/18 23:01:17 [initialize.go:127] | GET     | /biz*                          | bizview
2016/05/18 23:01:17 [initialize.go:128] | GET     | /sys*                          | sysview
2016/05/18 23:01:17 [initialize.go:130] | GET     | /favicon.ico                   | static/img/favicon.ico
2016/05/18 23:01:17 [main.go:17] > lessgo listening and serving HTTP on 0.0.0.0:8080 (debug-mode) (disable-graceful-restart)
2016/05/19 14:45:23 [initialize.go:141][E] sql: unknown driver "sqlite3" (forgotten import?)

2016/05/19 14:45:23 [lessgo.go:72] Session is disable.
2016/05/19 14:45:23 [main.go:13] Swagger API doc can be accessed from "/apidoc", but only allows LAN.
2016/05/19 14:45:23 [asm_amd64.s:472][W] Can only use source code routing: runtime error: invalid memory address or nil pointer dereference.
2016/05/19 14:45:23 [app.go:484] | CONNECT | /admin                         | github.com/lessgo/demo/syshandler/admin.glob.func1
2016/05/19 14:45:23 [app.go:484] | DELETE  | /admin                         | github.com/lessgo/demo/syshandler/admin.glob.func1
2016/05/19 14:45:23 [app.go:484] | GET     | /admin                         | github.com/lessgo/demo/syshandler/admin.glob.func1
2016/05/19 14:45:23 [app.go:484] | HEAD    | /admin                         | github.com/lessgo/demo/syshandler/admin.glob.func1
2016/05/19 14:45:23 [app.go:484] | OPTIONS | /admin                         | github.com/lessgo/demo/syshandler/admin.glob.func1
2016/05/19 14:45:23 [app.go:484] | PATCH   | /admin                         | github.com/lessgo/demo/syshandler/admin.glob.func1
2016/05/19 14:45:23 [app.go:484] | POST    | /admin                         | github.com/lessgo/demo/syshandler/admin.glob.func1
2016/05/19 14:45:23 [app.go:484] | PUT     | /admin                         | github.com/lessgo/demo/syshandler/admin.glob.func1
2016/05/19 14:45:23 [app.go:484] | TRACE   | /admin                         | github.com/lessgo/demo/syshandler/admin.glob.func1
2016/05/19 14:45:23 [app.go:484] | CONNECT | /admin/index                   | github.com/lessgo/demo/syshandler/admin.glob.func1
2016/05/19 14:45:23 [app.go:484] | DELETE  | /admin/index                   | github.com/lessgo/demo/syshandler/admin.glob.func1
2016/05/19 14:45:23 [app.go:484] | GET     | /admin/index                   | github.com/lessgo/demo/syshandler/admin.glob.func1
2016/05/19 14:45:23 [app.go:484] | HEAD    | /admin/index                   | github.com/lessgo/demo/syshandler/admin.glob.func1
2016/05/19 14:45:23 [app.go:484] | OPTIONS | /admin/index                   | github.com/lessgo/demo/syshandler/admin.glob.func1
2016/05/19 14:45:23 [app.go:484] | PATCH   | /admin/index                   | github.com/lessgo/demo/syshandler/admin.glob.func1
2016/05/19 14:45:23 [app.go:484] | POST    | /admin/index                   | github.com/lessgo/demo/syshandler/admin.glob.func1
2016/05/19 14:45:23 [app.go:484] | PUT     | /admin/index                   | github.com/lessgo/demo/syshandler/admin.glob.func1
2016/05/19 14:45:23 [app.go:484] | TRACE   | /admin/index                   | github.com/lessgo/demo/syshandler/admin.glob.func1
2016/05/19 14:45:23 [app.go:484] | GET     | /admin/login/:user/:password   | github.com/lessgo/demo/syshandler/admin/login.glob.func1
2016/05/19 14:45:23 [app.go:484] | GET     | /apidoc*                       | github.com/lessgo/lessgoext/swagger.glob.func3
2016/05/19 14:45:23 [app.go:484] | GET     | /home                          | github.com/lessgo/demo/bizhandler/home.glob.func1
2016/05/19 14:45:23 [app.go:484] | GET     | /home/index                    | github.com/lessgo/demo/bizhandler/home.glob.func1
2016/05/19 14:45:23 [app.go:484] | GET     | /swagger.json                  | github.com/lessgo/lessgoext/swagger.glob.func2
2016/05/19 14:45:23 [group.go:89] | WS      | /websocket                     | github.com/lessgo/demo/bizhandler/home.glob.func2
2016/05/19 14:45:23 [initialize.go:125] | GET     | /uploads*                      | uploads
2016/05/19 14:45:23 [initialize.go:126] | GET     | /static*                       | static
2016/05/19 14:45:23 [initialize.go:127] | GET     | /biz*                          | bizview
2016/05/19 14:45:23 [initialize.go:128] | GET     | /sys*                          | sysview
2016/05/19 14:45:23 [initialize.go:130] | GET     | /favicon.ico                   | static/img/favicon.ico
2016/05/19 14:45:23 [main.go:17] > lessgo listening and serving HTTP on 0.0.0.0:8080 (debug-mode) (disable-graceful-restart)
2016/05/19 14:45:32 [app.go:500][I] cookieä¸­çš„lessgosessionID: (*http.Cookie)(nil) (http: named cookie not present)
2016/05/19 14:45:32 [app.go:500][I] ä»sessionè¯»å–ä¸Šæ¬¡è¯·æ±‚çš„è¾“å…¥: <nil>
2016/05/19 14:45:32 [apimiddleware.go:280][D] ::1 | GET | /admin/login/test.txt/a | [32m200[0m | 0 | 259
2016/05/19 14:45:37 [app.go:500][I] cookieä¸­çš„lessgosessionID: (*http.Cookie)(nil) (http: named cookie not present)
2016/05/19 14:45:37 [app.go:500][I] ä»sessionè¯»å–ä¸Šæ¬¡è¯·æ±‚çš„è¾“å…¥: <nil>
2016/05/19 14:45:37 [apimiddleware.go:280][D] ::1 | GET | /admin/login/test.txt/a | [32m200[0m | 0 | 259
2016/05/19 14:45:38 [apimiddleware.go:280][D] ::1 | GET | /favicon.ico | [32m200[0m | 1ms | 9662
2016/05/19 14:45:58 [initialize.go:141][E] sql: unknown driver "sqlite3" (forgotten import?)

2016/05/19 14:45:58 [lessgo.go:72] Session is enable.
2016/05/19 14:45:58 [main.go:13] Swagger API doc can be accessed from "/apidoc", but only allows LAN.
2016/05/19 14:45:58 [asm_amd64.s:472][W] Can only use source code routing: runtime error: invalid memory address or nil pointer dereference.
2016/05/19 14:45:58 [app.go:484] | CONNECT | /admin                         | github.com/lessgo/demo/syshandler/admin.glob.func1
2016/05/19 14:45:58 [app.go:484] | DELETE  | /admin                         | github.com/lessgo/demo/syshandler/admin.glob.func1
2016/05/19 14:45:58 [app.go:484] | GET     | /admin                         | github.com/lessgo/demo/syshandler/admin.glob.func1
2016/05/19 14:45:58 [app.go:484] | HEAD    | /admin                         | github.com/lessgo/demo/syshandler/admin.glob.func1
2016/05/19 14:45:58 [app.go:484] | OPTIONS | /admin                         | github.com/lessgo/demo/syshandler/admin.glob.func1
2016/05/19 14:45:58 [app.go:484] | PATCH   | /admin                         | github.com/lessgo/demo/syshandler/admin.glob.func1
2016/05/19 14:45:58 [app.go:484] | POST    | /admin                         | github.com/lessgo/demo/syshandler/admin.glob.func1
2016/05/19 14:45:58 [app.go:484] | PUT     | /admin                         | github.com/lessgo/demo/syshandler/admin.glob.func1
2016/05/19 14:45:58 [app.go:484] | TRACE   | /admin                         | github.com/lessgo/demo/syshandler/admin.glob.func1
2016/05/19 14:45:58 [app.go:484] | CONNECT | /admin/index                   | github.com/lessgo/demo/syshandler/admin.glob.func1
2016/05/19 14:45:58 [app.go:484] | DELETE  | /admin/index                   | github.com/lessgo/demo/syshandler/admin.glob.func1
2016/05/19 14:45:58 [app.go:484] | GET     | /admin/index                   | github.com/lessgo/demo/syshandler/admin.glob.func1
2016/05/19 14:45:58 [app.go:484] | HEAD    | /admin/index                   | github.com/lessgo/demo/syshandler/admin.glob.func1
2016/05/19 14:45:58 [app.go:484] | OPTIONS | /admin/index                   | github.com/lessgo/demo/syshandler/admin.glob.func1
2016/05/19 14:45:58 [app.go:484] | PATCH   | /admin/index                   | github.com/lessgo/demo/syshandler/admin.glob.func1
2016/05/19 14:45:58 [app.go:484] | POST    | /admin/index                   | github.com/lessgo/demo/syshandler/admin.glob.func1
2016/05/19 14:45:58 [app.go:484] | PUT     | /admin/index                   | github.com/lessgo/demo/syshandler/admin.glob.func1
2016/05/19 14:45:58 [app.go:484] | TRACE   | /admin/index                   | github.com/lessgo/demo/syshandler/admin.glob.func1
2016/05/19 14:45:58 [app.go:484] | GET     | /admin/login/:user/:password   | github.com/lessgo/demo/syshandler/admin/login.glob.func1
2016/05/19 14:45:58 [app.go:484] | GET     | /apidoc*                       | github.com/lessgo/lessgoext/swagger.glob.func3
2016/05/19 14:45:58 [app.go:484] | GET     | /home                          | github.com/lessgo/demo/bizhandler/home.glob.func1
2016/05/19 14:45:58 [app.go:484] | GET     | /home/index                    | github.com/lessgo/demo/bizhandler/home.glob.func1
2016/05/19 14:45:58 [app.go:484] | GET     | /swagger.json                  | github.com/lessgo/lessgoext/swagger.glob.func2
2016/05/19 14:45:58 [group.go:89] | WS      | /websocket                     | github.com/lessgo/demo/bizhandler/home.glob.func2
2016/05/19 14:45:58 [initialize.go:125] | GET     | /uploads*                      | uploads
2016/05/19 14:45:58 [initialize.go:126] | GET     | /static*                       | static
2016/05/19 14:45:58 [initialize.go:127] | GET     | /biz*                          | bizview
2016/05/19 14:45:58 [initialize.go:128] | GET     | /sys*                          | sysview
2016/05/19 14:45:58 [initialize.go:130] | GET     | /favicon.ico                   | static/img/favicon.ico
2016/05/19 14:45:58 [main.go:17] > lessgo listening and serving HTTP on 0.0.0.0:8080 (debug-mode) (disable-graceful-restart)
2016/05/19 14:45:59 [app.go:500][I] cookieä¸­çš„lessgosessionID: &http.Cookie{Name:"lessgosessionID", Value:"99a3c91ffc0a291c95b773d46073f3bc", Path:"", Domain:"", Expires:time.Time{sec:0, nsec:0, loc:(*time.Location)(nil)}, RawExpires:"", MaxAge:0, Secure:false, HttpOnly:false, Raw:"", Unparsed:[]string(nil)} (<nil>)
2016/05/19 14:45:59 [app.go:500][I] ä»sessionè¯»å–ä¸Šæ¬¡è¯·æ±‚çš„è¾“å…¥: <nil>
2016/05/19 14:45:59 [apimiddleware.go:280][D] ::1 | GET | /admin/login/test.txt/a | [32m200[0m | 2.0001ms | 259
2016/05/19 14:45:59 [apimiddleware.go:280][D] ::1 | GET | /favicon.ico | [32m200[0m | 2.0001ms | 9662
2016/05/19 14:46:03 [app.go:500][I] cookieä¸­çš„lessgosessionID: &http.Cookie{Name:"lessgosessionID", Value:"99a3c91ffc0a291c95b773d46073f3bc", Path:"", Domain:"", Expires:time.Time{sec:0, nsec:0, loc:(*time.Location)(nil)}, RawExpires:"", MaxAge:0, Secure:false, HttpOnly:false, Raw:"", Unparsed:[]string(nil)} (<nil>)
2016/05/19 14:46:03 [app.go:500][I] ä»sessionè¯»å–ä¸Šæ¬¡è¯·æ±‚çš„è¾“å…¥: map[string]interface {}{"user":"test.txt", "password":"a"}
2016/05/19 14:46:03 [apimiddleware.go:280][D] ::1 | GET | /admin/login/test.txt/a | [32m200[0m | 1.0001ms | 259
2016/05/19 14:46:04 [apimiddleware.go:280][D] ::1 | GET | /favicon.ico | [32m200[0m | 1.0001ms | 9662
2016/05/19 14:46:14 [app.go:500][I] cookieä¸­çš„lessgosessionID: &http.Cookie{Name:"lessgosessionID", Value:"99a3c91ffc0a291c95b773d46073f3bc", Path:"", Domain:"", Expires:time.Time{sec:0, nsec:0, loc:(*time.Location)(nil)}, RawExpires:"", MaxAge:0, Secure:false, HttpOnly:false, Raw:"", Unparsed:[]string(nil)} (<nil>)
2016/05/19 14:46:14 [app.go:500][I] ä»sessionè¯»å–ä¸Šæ¬¡è¯·æ±‚çš„è¾“å…¥: map[string]interface {}{"user":"test.txt", "password":"a"}
2016/05/19 14:46:14 [apimiddleware.go:280][D] ::1 | GET | /admin/login/testqqq/a | [32m200[0m | 2.0001ms | 255
